<?xml version="1.0" encoding="UTF-8"?>
<!-- Generated by org.testng.reporters.JUnitReportReporter -->
<testsuite hostname="DESKTOP-G25F7V2" failures="0" tests="1" name="testCases.Logintestcase" time="2.910" errors="0" timestamp="2024-01-26T15:21:43 IST" skipped="0">
  <testcase classname="testCases.Logintestcase" name="verifylogin" time="2.910"/>
  <system-out/>
</testsuite> <!-- testCases.Logintestcase -->
