<?xml version="1.0" encoding="UTF-8"?>
<!-- Generated by org.testng.reporters.JUnitReportReporter -->
<testsuite hostname="DESKTOP-G25F7V2" failures="0" tests="1" name="testCases.RegisterTestCase" time="2.732" errors="0" timestamp="2024-01-26T15:01:22 IST" skipped="0">
  <testcase classname="testCases.RegisterTestCase" name="verify_register" time="2.732"/>
  <system-out/>
</testsuite> <!-- testCases.RegisterTestCase -->
